<?xml version="1.0" encoding="UTF-8"?>
<!-- Generated by org.testng.reporters.JUnitReportReporter -->
<testsuite skipped="0" hostname="DESKTOP-PBDHMFH" name="com.qa.testcases.LoginPageTest" tests="3" failures="0" timestamp="20 May 2018 14:25:59 GMT" time="37.498" errors="0">
  <testcase name="loginPageTitleTest" time="9.227" classname="com.qa.testcases.LoginPageTest"/>
  <testcase name="LogoImageTest" time="7.989" classname="com.qa.testcases.LoginPageTest"/>
  <testcase name="LoginTest" time="20.282" classname="com.qa.testcases.LoginPageTest"/>
</testsuite> <!-- com.qa.testcases.LoginPageTest -->
